<?xml version="1.0" encoding="UTF-8"?>
<testsuite xmlns:xsi="http://www.w3.org/2001/XMLSchema-instance" xsi:noNamespaceSchemaLocation="https://maven.apache.org/surefire/maven-surefire-plugin/xsd/surefire-test-report-3.0.xsd" version="3.0" name="testRunner.TestRunner" time="79.249" tests="16" errors="0" skipped="0" failures="0">
  <properties>
    <property name="java.specification.version" value="21"/>
    <property name="sun.cpu.isalist" value="amd64"/>
    <property name="sun.jnu.encoding" value="Cp1252"/>
    <property name="java.class.path" value="C:\Users\HP\eclipse-workspace\NhsJobSearchAutomation\target\test-classes;C:\Users\HP\eclipse-workspace\NhsJobSearchAutomation\target\classes;C:\Users\HP\.m2\repository\org\seleniumhq\selenium\selenium-java\4.21.0\selenium-java-4.21.0.jar;C:\Users\HP\.m2\repository\org\seleniumhq\selenium\selenium-api\4.21.0\selenium-api-4.21.0.jar;C:\Users\HP\.m2\repository\org\seleniumhq\selenium\selenium-chrome-driver\4.21.0\selenium-chrome-driver-4.21.0.jar;C:\Users\HP\.m2\repository\com\google\auto\service\auto-service-annotations\1.1.1\auto-service-annotations-1.1.1.jar;C:\Users\HP\.m2\repository\org\seleniumhq\selenium\selenium-chromium-driver\4.21.0\selenium-chromium-driver-4.21.0.jar;C:\Users\HP\.m2\repository\org\seleniumhq\selenium\selenium-json\4.21.0\selenium-json-4.21.0.jar;C:\Users\HP\.m2\repository\org\seleniumhq\selenium\selenium-manager\4.21.0\selenium-manager-4.21.0.jar;C:\Users\HP\.m2\repository\org\seleniumhq\selenium\selenium-devtools-v123\4.21.0\selenium-devtools-v123-4.21.0.jar;C:\Users\HP\.m2\repository\org\seleniumhq\selenium\selenium-devtools-v124\4.21.0\selenium-devtools-v124-4.21.0.jar;C:\Users\HP\.m2\repository\org\seleniumhq\selenium\selenium-devtools-v125\4.21.0\selenium-devtools-v125-4.21.0.jar;C:\Users\HP\.m2\repository\org\seleniumhq\selenium\selenium-devtools-v85\4.21.0\selenium-devtools-v85-4.21.0.jar;C:\Users\HP\.m2\repository\org\seleniumhq\selenium\selenium-edge-driver\4.21.0\selenium-edge-driver-4.21.0.jar;C:\Users\HP\.m2\repository\org\seleniumhq\selenium\selenium-firefox-driver\4.21.0\selenium-firefox-driver-4.21.0.jar;C:\Users\HP\.m2\repository\org\seleniumhq\selenium\selenium-http\4.21.0\selenium-http-4.21.0.jar;C:\Users\HP\.m2\repository\dev\failsafe\failsafe\3.3.2\failsafe-3.3.2.jar;C:\Users\HP\.m2\repository\org\seleniumhq\selenium\selenium-ie-driver\4.21.0\selenium-ie-driver-4.21.0.jar;C:\Users\HP\.m2\repository\org\seleniumhq\selenium\selenium-remote-driver\4.21.0\selenium-remote-driver-4.21.0.jar;C:\Users\HP\.m2\repository\com\google\guava\guava\33.2.0-jre\guava-33.2.0-jre.jar;C:\Users\HP\.m2\repository\com\google\guava\failureaccess\1.0.2\failureaccess-1.0.2.jar;C:\Users\HP\.m2\repository\com\google\guava\listenablefuture\9999.0-empty-to-avoid-conflict-with-guava\listenablefuture-9999.0-empty-to-avoid-conflict-with-guava.jar;C:\Users\HP\.m2\repository\com\google\code\findbugs\jsr305\3.0.2\jsr305-3.0.2.jar;C:\Users\HP\.m2\repository\org\checkerframework\checker-qual\3.42.0\checker-qual-3.42.0.jar;C:\Users\HP\.m2\repository\com\google\errorprone\error_prone_annotations\2.26.1\error_prone_annotations-2.26.1.jar;C:\Users\HP\.m2\repository\com\google\j2objc\j2objc-annotations\3.0.0\j2objc-annotations-3.0.0.jar;C:\Users\HP\.m2\repository\io\opentelemetry\semconv\opentelemetry-semconv\1.25.0-alpha\opentelemetry-semconv-1.25.0-alpha.jar;C:\Users\HP\.m2\repository\io\opentelemetry\opentelemetry-api\1.38.0\opentelemetry-api-1.38.0.jar;C:\Users\HP\.m2\repository\io\opentelemetry\opentelemetry-context\1.38.0\opentelemetry-context-1.38.0.jar;C:\Users\HP\.m2\repository\io\opentelemetry\opentelemetry-exporter-logging\1.38.0\opentelemetry-exporter-logging-1.38.0.jar;C:\Users\HP\.m2\repository\io\opentelemetry\opentelemetry-sdk-common\1.38.0\opentelemetry-sdk-common-1.38.0.jar;C:\Users\HP\.m2\repository\io\opentelemetry\opentelemetry-sdk-extension-autoconfigure-spi\1.38.0\opentelemetry-sdk-extension-autoconfigure-spi-1.38.0.jar;C:\Users\HP\.m2\repository\io\opentelemetry\opentelemetry-sdk-extension-autoconfigure\1.38.0\opentelemetry-sdk-extension-autoconfigure-1.38.0.jar;C:\Users\HP\.m2\repository\io\opentelemetry\opentelemetry-api-incubator\1.38.0-alpha\opentelemetry-api-incubator-1.38.0-alpha.jar;C:\Users\HP\.m2\repository\io\opentelemetry\opentelemetry-sdk-trace\1.38.0\opentelemetry-sdk-trace-1.38.0.jar;C:\Users\HP\.m2\repository\io\opentelemetry\opentelemetry-sdk\1.38.0\opentelemetry-sdk-1.38.0.jar;C:\Users\HP\.m2\repository\io\opentelemetry\opentelemetry-sdk-metrics\1.38.0\opentelemetry-sdk-metrics-1.38.0.jar;C:\Users\HP\.m2\repository\io\opentelemetry\opentelemetry-sdk-logs\1.38.0\opentelemetry-sdk-logs-1.38.0.jar;C:\Users\HP\.m2\repository\net\bytebuddy\byte-buddy\1.14.15\byte-buddy-1.14.15.jar;C:\Users\HP\.m2\repository\org\seleniumhq\selenium\selenium-os\4.21.0\selenium-os-4.21.0.jar;C:\Users\HP\.m2\repository\org\apache\commons\commons-exec\1.4.0\commons-exec-1.4.0.jar;C:\Users\HP\.m2\repository\org\seleniumhq\selenium\selenium-safari-driver\4.21.0\selenium-safari-driver-4.21.0.jar;C:\Users\HP\.m2\repository\org\seleniumhq\selenium\selenium-support\4.21.0\selenium-support-4.21.0.jar;C:\Users\HP\.m2\repository\io\cucumber\cucumber-java\7.14.0\cucumber-java-7.14.0.jar;C:\Users\HP\.m2\repository\io\cucumber\cucumber-core\7.14.0\cucumber-core-7.14.0.jar;C:\Users\HP\.m2\repository\io\cucumber\cucumber-gherkin\7.14.0\cucumber-gherkin-7.14.0.jar;C:\Users\HP\.m2\repository\io\cucumber\cucumber-gherkin-messages\7.14.0\cucumber-gherkin-messages-7.14.0.jar;C:\Users\HP\.m2\repository\io\cucumber\gherkin\26.2.0\gherkin-26.2.0.jar;C:\Users\HP\.m2\repository\io\cucumber\messages\22.0.0\messages-22.0.0.jar;C:\Users\HP\.m2\repository\io\cucumber\tag-expressions\5.0.6\tag-expressions-5.0.6.jar;C:\Users\HP\.m2\repository\io\cucumber\cucumber-expressions\16.1.2\cucumber-expressions-16.1.2.jar;C:\Users\HP\.m2\repository\io\cucumber\datatable\7.14.0\datatable-7.14.0.jar;C:\Users\HP\.m2\repository\io\cucumber\cucumber-plugin\7.14.0\cucumber-plugin-7.14.0.jar;C:\Users\HP\.m2\repository\io\cucumber\docstring\7.14.0\docstring-7.14.0.jar;C:\Users\HP\.m2\repository\io\cucumber\html-formatter\20.4.0\html-formatter-20.4.0.jar;C:\Users\HP\.m2\repository\io\cucumber\junit-xml-formatter\0.2.0\junit-xml-formatter-0.2.0.jar;C:\Users\HP\.m2\repository\io\cucumber\ci-environment\9.2.0\ci-environment-9.2.0.jar;C:\Users\HP\.m2\repository\org\apiguardian\apiguardian-api\1.1.2\apiguardian-api-1.1.2.jar;C:\Users\HP\.m2\repository\io\cucumber\cucumber-junit\7.14.0\cucumber-junit-7.14.0.jar;C:\Users\HP\.m2\repository\junit\junit\4.13.2\junit-4.13.2.jar;C:\Users\HP\.m2\repository\org\hamcrest\hamcrest-core\1.3\hamcrest-core-1.3.jar;C:\Users\HP\.m2\repository\io\github\bonigarcia\webdrivermanager\5.8.0\webdrivermanager-5.8.0.jar;C:\Users\HP\.m2\repository\org\slf4j\slf4j-api\2.0.12\slf4j-api-2.0.12.jar;C:\Users\HP\.m2\repository\com\google\code\gson\gson\2.10.1\gson-2.10.1.jar;C:\Users\HP\.m2\repository\com\github\docker-java\docker-java\3.3.6\docker-java-3.3.6.jar;C:\Users\HP\.m2\repository\com\github\docker-java\docker-java-core\3.3.6\docker-java-core-3.3.6.jar;C:\Users\HP\.m2\repository\com\github\docker-java\docker-java-api\3.3.6\docker-java-api-3.3.6.jar;C:\Users\HP\.m2\repository\com\fasterxml\jackson\core\jackson-annotations\2.10.3\jackson-annotations-2.10.3.jar;C:\Users\HP\.m2\repository\com\fasterxml\jackson\core\jackson-databind\2.10.3\jackson-databind-2.10.3.jar;C:\Users\HP\.m2\repository\com\fasterxml\jackson\core\jackson-core\2.10.3\jackson-core-2.10.3.jar;C:\Users\HP\.m2\repository\org\bouncycastle\bcpkix-jdk18on\1.76\bcpkix-jdk18on-1.76.jar;C:\Users\HP\.m2\repository\org\bouncycastle\bcprov-jdk18on\1.76\bcprov-jdk18on-1.76.jar;C:\Users\HP\.m2\repository\org\bouncycastle\bcutil-jdk18on\1.76\bcutil-jdk18on-1.76.jar;C:\Users\HP\.m2\repository\org\slf4j\jcl-over-slf4j\1.7.30\jcl-over-slf4j-1.7.30.jar;C:\Users\HP\.m2\repository\com\github\docker-java\docker-java-transport-httpclient5\3.3.6\docker-java-transport-httpclient5-3.3.6.jar;C:\Users\HP\.m2\repository\com\github\docker-java\docker-java-transport\3.3.6\docker-java-transport-3.3.6.jar;C:\Users\HP\.m2\repository\net\java\dev\jna\jna\5.13.0\jna-5.13.0.jar;C:\Users\HP\.m2\repository\org\brotli\dec\0.1.2\dec-0.1.2.jar;C:\Users\HP\.m2\repository\org\apache\commons\commons-lang3\3.14.0\commons-lang3-3.14.0.jar;C:\Users\HP\.m2\repository\org\apache\commons\commons-compress\1.26.1\commons-compress-1.26.1.jar;C:\Users\HP\.m2\repository\commons-codec\commons-codec\1.16.1\commons-codec-1.16.1.jar;C:\Users\HP\.m2\repository\commons-io\commons-io\2.15.1\commons-io-2.15.1.jar;C:\Users\HP\.m2\repository\org\apache\httpcomponents\client5\httpclient5\5.2.1\httpclient5-5.2.1.jar;C:\Users\HP\.m2\repository\org\apache\httpcomponents\core5\httpcore5\5.2\httpcore5-5.2.jar;C:\Users\HP\.m2\repository\org\apache\httpcomponents\core5\httpcore5-h2\5.2\httpcore5-h2-5.2.jar;"/>
    <property name="java.vm.vendor" value="Eclipse Adoptium"/>
    <property name="sun.arch.data.model" value="64"/>
    <property name="user.variant" value=""/>
    <property name="java.vendor.url" value="https://adoptium.net/"/>
    <property name="user.timezone" value="Europe/London"/>
    <property name="os.name" value="Windows 11"/>
    <property name="java.vm.specification.version" value="21"/>
    <property name="sun.java.launcher" value="SUN_STANDARD"/>
    <property name="user.country" value="GB"/>
    <property name="sun.boot.library.path" value="C:\Program Files\Eclipse Adoptium\jdk-21.0.7.6-hotspot\bin"/>
    <property name="sun.java.command" value="C:\Users\HP\AppData\Local\Temp\surefire2375076060663186464\surefirebooter-20250626032033216_3.jar C:\Users\HP\AppData\Local\Temp\surefire2375076060663186464 2025-06-26T03-20-33_038-jvmRun1 surefire-20250626032033216_1tmp surefire_0-20250626032033216_2tmp"/>
    <property name="jdk.debug" value="release"/>
    <property name="surefire.test.class.path" value="C:\Users\HP\eclipse-workspace\NhsJobSearchAutomation\target\test-classes;C:\Users\HP\eclipse-workspace\NhsJobSearchAutomation\target\classes;C:\Users\HP\.m2\repository\org\seleniumhq\selenium\selenium-java\4.21.0\selenium-java-4.21.0.jar;C:\Users\HP\.m2\repository\org\seleniumhq\selenium\selenium-api\4.21.0\selenium-api-4.21.0.jar;C:\Users\HP\.m2\repository\org\seleniumhq\selenium\selenium-chrome-driver\4.21.0\selenium-chrome-driver-4.21.0.jar;C:\Users\HP\.m2\repository\com\google\auto\service\auto-service-annotations\1.1.1\auto-service-annotations-1.1.1.jar;C:\Users\HP\.m2\repository\org\seleniumhq\selenium\selenium-chromium-driver\4.21.0\selenium-chromium-driver-4.21.0.jar;C:\Users\HP\.m2\repository\org\seleniumhq\selenium\selenium-json\4.21.0\selenium-json-4.21.0.jar;C:\Users\HP\.m2\repository\org\seleniumhq\selenium\selenium-manager\4.21.0\selenium-manager-4.21.0.jar;C:\Users\HP\.m2\repository\org\seleniumhq\selenium\selenium-devtools-v123\4.21.0\selenium-devtools-v123-4.21.0.jar;C:\Users\HP\.m2\repository\org\seleniumhq\selenium\selenium-devtools-v124\4.21.0\selenium-devtools-v124-4.21.0.jar;C:\Users\HP\.m2\repository\org\seleniumhq\selenium\selenium-devtools-v125\4.21.0\selenium-devtools-v125-4.21.0.jar;C:\Users\HP\.m2\repository\org\seleniumhq\selenium\selenium-devtools-v85\4.21.0\selenium-devtools-v85-4.21.0.jar;C:\Users\HP\.m2\repository\org\seleniumhq\selenium\selenium-edge-driver\4.21.0\selenium-edge-driver-4.21.0.jar;C:\Users\HP\.m2\repository\org\seleniumhq\selenium\selenium-firefox-driver\4.21.0\selenium-firefox-driver-4.21.0.jar;C:\Users\HP\.m2\repository\org\seleniumhq\selenium\selenium-http\4.21.0\selenium-http-4.21.0.jar;C:\Users\HP\.m2\repository\dev\failsafe\failsafe\3.3.2\failsafe-3.3.2.jar;C:\Users\HP\.m2\repository\org\seleniumhq\selenium\selenium-ie-driver\4.21.0\selenium-ie-driver-4.21.0.jar;C:\Users\HP\.m2\repository\org\seleniumhq\selenium\selenium-remote-driver\4.21.0\selenium-remote-driver-4.21.0.jar;C:\Users\HP\.m2\repository\com\google\guava\guava\33.2.0-jre\guava-33.2.0-jre.jar;C:\Users\HP\.m2\repository\com\google\guava\failureaccess\1.0.2\failureaccess-1.0.2.jar;C:\Users\HP\.m2\repository\com\google\guava\listenablefuture\9999.0-empty-to-avoid-conflict-with-guava\listenablefuture-9999.0-empty-to-avoid-conflict-with-guava.jar;C:\Users\HP\.m2\repository\com\google\code\findbugs\jsr305\3.0.2\jsr305-3.0.2.jar;C:\Users\HP\.m2\repository\org\checkerframework\checker-qual\3.42.0\checker-qual-3.42.0.jar;C:\Users\HP\.m2\repository\com\google\errorprone\error_prone_annotations\2.26.1\error_prone_annotations-2.26.1.jar;C:\Users\HP\.m2\repository\com\google\j2objc\j2objc-annotations\3.0.0\j2objc-annotations-3.0.0.jar;C:\Users\HP\.m2\repository\io\opentelemetry\semconv\opentelemetry-semconv\1.25.0-alpha\opentelemetry-semconv-1.25.0-alpha.jar;C:\Users\HP\.m2\repository\io\opentelemetry\opentelemetry-api\1.38.0\opentelemetry-api-1.38.0.jar;C:\Users\HP\.m2\repository\io\opentelemetry\opentelemetry-context\1.38.0\opentelemetry-context-1.38.0.jar;C:\Users\HP\.m2\repository\io\opentelemetry\opentelemetry-exporter-logging\1.38.0\opentelemetry-exporter-logging-1.38.0.jar;C:\Users\HP\.m2\repository\io\opentelemetry\opentelemetry-sdk-common\1.38.0\opentelemetry-sdk-common-1.38.0.jar;C:\Users\HP\.m2\repository\io\opentelemetry\opentelemetry-sdk-extension-autoconfigure-spi\1.38.0\opentelemetry-sdk-extension-autoconfigure-spi-1.38.0.jar;C:\Users\HP\.m2\repository\io\opentelemetry\opentelemetry-sdk-extension-autoconfigure\1.38.0\opentelemetry-sdk-extension-autoconfigure-1.38.0.jar;C:\Users\HP\.m2\repository\io\opentelemetry\opentelemetry-api-incubator\1.38.0-alpha\opentelemetry-api-incubator-1.38.0-alpha.jar;C:\Users\HP\.m2\repository\io\opentelemetry\opentelemetry-sdk-trace\1.38.0\opentelemetry-sdk-trace-1.38.0.jar;C:\Users\HP\.m2\repository\io\opentelemetry\opentelemetry-sdk\1.38.0\opentelemetry-sdk-1.38.0.jar;C:\Users\HP\.m2\repository\io\opentelemetry\opentelemetry-sdk-metrics\1.38.0\opentelemetry-sdk-metrics-1.38.0.jar;C:\Users\HP\.m2\repository\io\opentelemetry\opentelemetry-sdk-logs\1.38.0\opentelemetry-sdk-logs-1.38.0.jar;C:\Users\HP\.m2\repository\net\bytebuddy\byte-buddy\1.14.15\byte-buddy-1.14.15.jar;C:\Users\HP\.m2\repository\org\seleniumhq\selenium\selenium-os\4.21.0\selenium-os-4.21.0.jar;C:\Users\HP\.m2\repository\org\apache\commons\commons-exec\1.4.0\commons-exec-1.4.0.jar;C:\Users\HP\.m2\repository\org\seleniumhq\selenium\selenium-safari-driver\4.21.0\selenium-safari-driver-4.21.0.jar;C:\Users\HP\.m2\repository\org\seleniumhq\selenium\selenium-support\4.21.0\selenium-support-4.21.0.jar;C:\Users\HP\.m2\repository\io\cucumber\cucumber-java\7.14.0\cucumber-java-7.14.0.jar;C:\Users\HP\.m2\repository\io\cucumber\cucumber-core\7.14.0\cucumber-core-7.14.0.jar;C:\Users\HP\.m2\repository\io\cucumber\cucumber-gherkin\7.14.0\cucumber-gherkin-7.14.0.jar;C:\Users\HP\.m2\repository\io\cucumber\cucumber-gherkin-messages\7.14.0\cucumber-gherkin-messages-7.14.0.jar;C:\Users\HP\.m2\repository\io\cucumber\gherkin\26.2.0\gherkin-26.2.0.jar;C:\Users\HP\.m2\repository\io\cucumber\messages\22.0.0\messages-22.0.0.jar;C:\Users\HP\.m2\repository\io\cucumber\tag-expressions\5.0.6\tag-expressions-5.0.6.jar;C:\Users\HP\.m2\repository\io\cucumber\cucumber-expressions\16.1.2\cucumber-expressions-16.1.2.jar;C:\Users\HP\.m2\repository\io\cucumber\datatable\7.14.0\datatable-7.14.0.jar;C:\Users\HP\.m2\repository\io\cucumber\cucumber-plugin\7.14.0\cucumber-plugin-7.14.0.jar;C:\Users\HP\.m2\repository\io\cucumber\docstring\7.14.0\docstring-7.14.0.jar;C:\Users\HP\.m2\repository\io\cucumber\html-formatter\20.4.0\html-formatter-20.4.0.jar;C:\Users\HP\.m2\repository\io\cucumber\junit-xml-formatter\0.2.0\junit-xml-formatter-0.2.0.jar;C:\Users\HP\.m2\repository\io\cucumber\ci-environment\9.2.0\ci-environment-9.2.0.jar;C:\Users\HP\.m2\repository\org\apiguardian\apiguardian-api\1.1.2\apiguardian-api-1.1.2.jar;C:\Users\HP\.m2\repository\io\cucumber\cucumber-junit\7.14.0\cucumber-junit-7.14.0.jar;C:\Users\HP\.m2\repository\junit\junit\4.13.2\junit-4.13.2.jar;C:\Users\HP\.m2\repository\org\hamcrest\hamcrest-core\1.3\hamcrest-core-1.3.jar;C:\Users\HP\.m2\repository\io\github\bonigarcia\webdrivermanager\5.8.0\webdrivermanager-5.8.0.jar;C:\Users\HP\.m2\repository\org\slf4j\slf4j-api\2.0.12\slf4j-api-2.0.12.jar;C:\Users\HP\.m2\repository\com\google\code\gson\gson\2.10.1\gson-2.10.1.jar;C:\Users\HP\.m2\repository\com\github\docker-java\docker-java\3.3.6\docker-java-3.3.6.jar;C:\Users\HP\.m2\repository\com\github\docker-java\docker-java-core\3.3.6\docker-java-core-3.3.6.jar;C:\Users\HP\.m2\repository\com\github\docker-java\docker-java-api\3.3.6\docker-java-api-3.3.6.jar;C:\Users\HP\.m2\repository\com\fasterxml\jackson\core\jackson-annotations\2.10.3\jackson-annotations-2.10.3.jar;C:\Users\HP\.m2\repository\com\fasterxml\jackson\core\jackson-databind\2.10.3\jackson-databind-2.10.3.jar;C:\Users\HP\.m2\repository\com\fasterxml\jackson\core\jackson-core\2.10.3\jackson-core-2.10.3.jar;C:\Users\HP\.m2\repository\org\bouncycastle\bcpkix-jdk18on\1.76\bcpkix-jdk18on-1.76.jar;C:\Users\HP\.m2\repository\org\bouncycastle\bcprov-jdk18on\1.76\bcprov-jdk18on-1.76.jar;C:\Users\HP\.m2\repository\org\bouncycastle\bcutil-jdk18on\1.76\bcutil-jdk18on-1.76.jar;C:\Users\HP\.m2\repository\org\slf4j\jcl-over-slf4j\1.7.30\jcl-over-slf4j-1.7.30.jar;C:\Users\HP\.m2\repository\com\github\docker-java\docker-java-transport-httpclient5\3.3.6\docker-java-transport-httpclient5-3.3.6.jar;C:\Users\HP\.m2\repository\com\github\docker-java\docker-java-transport\3.3.6\docker-java-transport-3.3.6.jar;C:\Users\HP\.m2\repository\net\java\dev\jna\jna\5.13.0\jna-5.13.0.jar;C:\Users\HP\.m2\repository\org\brotli\dec\0.1.2\dec-0.1.2.jar;C:\Users\HP\.m2\repository\org\apache\commons\commons-lang3\3.14.0\commons-lang3-3.14.0.jar;C:\Users\HP\.m2\repository\org\apache\commons\commons-compress\1.26.1\commons-compress-1.26.1.jar;C:\Users\HP\.m2\repository\commons-codec\commons-codec\1.16.1\commons-codec-1.16.1.jar;C:\Users\HP\.m2\repository\commons-io\commons-io\2.15.1\commons-io-2.15.1.jar;C:\Users\HP\.m2\repository\org\apache\httpcomponents\client5\httpclient5\5.2.1\httpclient5-5.2.1.jar;C:\Users\HP\.m2\repository\org\apache\httpcomponents\core5\httpcore5\5.2\httpcore5-5.2.jar;C:\Users\HP\.m2\repository\org\apache\httpcomponents\core5\httpcore5-h2\5.2\httpcore5-h2-5.2.jar;"/>
    <property name="sun.cpu.endian" value="little"/>
    <property name="user.home" value="C:\Users\HP"/>
    <property name="user.language" value="en"/>
    <property name="java.specification.vendor" value="Oracle Corporation"/>
    <property name="java.version.date" value="2025-04-15"/>
    <property name="java.home" value="C:\Program Files\Eclipse Adoptium\jdk-21.0.7.6-hotspot"/>
    <property name="file.separator" value="\"/>
    <property name="basedir" value="C:\Users\HP\eclipse-workspace\NhsJobSearchAutomation"/>
    <property name="java.vm.compressedOopsMode" value="Zero based"/>
    <property name="line.separator" value="&#10;"/>
    <property name="java.vm.specification.vendor" value="Oracle Corporation"/>
    <property name="java.specification.name" value="Java Platform API Specification"/>
    <property name="surefire.real.class.path" value="C:\Users\HP\AppData\Local\Temp\surefire2375076060663186464\surefirebooter-20250626032033216_3.jar"/>
    <property name="user.script" value=""/>
    <property name="sun.management.compiler" value="HotSpot 64-Bit Tiered Compilers"/>
    <property name="java.runtime.version" value="21.0.7+6-LTS"/>
    <property name="user.name" value="HP"/>
    <property name="stdout.encoding" value="Cp1252"/>
    <property name="path.separator" value=";"/>
    <property name="os.version" value="10.0"/>
    <property name="java.runtime.name" value="OpenJDK Runtime Environment"/>
    <property name="file.encoding" value="UTF-8"/>
    <property name="browser" value="chrome"/>
    <property name="java.vm.name" value="OpenJDK 64-Bit Server VM"/>
    <property name="java.vendor.version" value="Temurin-21.0.7+6"/>
    <property name="localRepository" value="C:\Users\HP\.m2\repository"/>
    <property name="java.vendor.url.bug" value="https://github.com/adoptium/adoptium-support/issues"/>
    <property name="java.io.tmpdir" value="C:\Users\HP\AppData\Local\Temp\"/>
    <property name="java.version" value="21.0.7"/>
    <property name="user.dir" value="C:\Users\HP\eclipse-workspace\NhsJobSearchAutomation"/>
    <property name="os.arch" value="amd64"/>
    <property name="java.vm.specification.name" value="Java Virtual Machine Specification"/>
    <property name="sun.os.patch.level" value=""/>
    <property name="native.encoding" value="Cp1252"/>
    <property name="java.library.path" value="C:\Program Files\Eclipse Adoptium\jdk-21.0.7.6-hotspot\bin;C:\WINDOWS\Sun\Java\bin;C:\WINDOWS\system32;C:\WINDOWS;C:\Program Files\Eclipse Adoptium\jdk-21.0.7.6-hotspot\bin;C:\Program Files\Common Files\Oracle\Java\javapath;C:\Python39\Scripts\;C:\Python39\;C:\Program Files (x86)\Intel\Intel(R) Management Engine Components\iCLS\;C:\Program Files\Intel\Intel(R) Management Engine Components\iCLS\;C:\Windows\system32;C:\Windows;C:\Windows\System32\Wbem;C:\Windows\System32\WindowsPowerShell\v1.0\;C:\Windows\System32\OpenSSH\;C:\Program Files (x86)\Intel\Intel(R) Management Engine Components\DAL;C:\Program Files\Intel\Intel(R) Management Engine Components\DAL;C:\Program Files (x86)\Intel\Intel(R) Management Engine Components\IPT;C:\Program Files\Intel\Intel(R) Management Engine Components\IPT;C:\Program Files (x86)\NVIDIA Corporation\PhysX\Common;C:\Program Files (x86)\Microsoft SQL Server\150\DTS\Binn\;C:\ProgramData\chocolatey\bin;C:\WINDOWS\system32;C:\WINDOWS;C:\Program Files\Eclipse Adoptium\jdk-21.0.7.6-hotspot\bin;C:\WINDOWS\System32\Wbem;C:\WINDOWS\System32\WindowsPowerShell\v1.0\;C:\WINDOWS\System32\OpenSSH\;E:\TSVN\bin;C:\Program Files\Microsoft SQL Server\Client SDK\ODBC\170\Tools\Binn\;C:\Program Files (x86)\Microsoft SQL Server\150\Tools\Binn\;C:\Program Files\Microsoft SQL Server\150\Tools\Binn\;C:\Program Files\Microsoft SQL Server\150\DTS\Binn\;C:\Program Files\TortoiseSVN\bin;C:\HashiCorp\Vagrant\bin;C:\Program Files\PuTTY\;C:\WINDOWS\system32;C:\WINDOWS;C:\WINDOWS\System32\Wbem;C:\WINDOWS\System32\WindowsPowerShell\v1.0\;C:\WINDOWS\System32\OpenSSH\;C:\Program Files\Git\cmd;C:\Program Files\nodejs\;C:\Program Files\apache-maven-3.9.1\bin;C:\Program Files\Git\bin;C:\Allure\allure-2.34.0\bin;C:\Users\HP\AppData\Local\Microsoft\WindowsApps;C:\Users\HP\AppData\Roaming\npm;C:\Users\HP\AppData\Local\Programs\Microsoft VS Code\bin;."/>
    <property name="java.vm.info" value="mixed mode, sharing"/>
    <property name="stderr.encoding" value="Cp1252"/>
    <property name="java.vendor" value="Eclipse Adoptium"/>
    <property name="java.vm.version" value="21.0.7+6-LTS"/>
    <property name="sun.io.unicode.encoding" value="UnicodeLittle"/>
    <property name="java.class.version" value="65.0"/>
  </properties>
  <testcase name="Validate search functionality by providing various combinations #1" classname="NHS Job Search functionality." time="6.072">
    <system-out><![CDATA[
Scenario Outline: Validate search functionality by providing various combinations  &amp#27;[90m# src/test/java/features/searchPage.feature:16&amp#27;[0m
  &amp#27;[32mGiven &amp#27;[0m&amp#27;[32muser is on the NHS job search page with title &amp#27;[0m&amp#27;[32m&amp#27;[1m"Search for jobs in the NHS"&amp#27;[0m &amp#27;[90m# stepDefinitions.searchFunctionality.user_is_on_the_nhs_job_search_page_with_title(java.lang.String)&amp#27;[0m
  &amp#27;[32mAnd &amp#27;[0m&amp#27;[32mclick on Accept Cookies button.&amp#27;[0m                                              &amp#27;[90m# stepDefinitions.searchFunctionality.click_on_accept_cookies_button()&amp#27;[0m
  &amp#27;[32mWhen &amp#27;[0m&amp#27;[32muser performs search with &amp#27;[0m&amp#27;[32m&amp#27;[1m"Cardiac Physiologist"&amp#27;[0m&amp#27;[32m, &amp#27;[0m&amp#27;[32m&amp#27;[1m""&amp#27;[0m&amp#27;[32m, &amp#27;[0m&amp#27;[32m&amp#27;[1m""&amp#27;[0m&amp#27;[32m, &amp#27;[0m&amp#27;[32m&amp#27;[1m""&amp#27;[0m&amp#27;[32m, &amp#27;[0m&amp#27;[32m&amp#27;[1m""&amp#27;[0m&amp#27;[32m, &amp#27;[0m&amp#27;[32m&amp#27;[1m""&amp#27;[0m        &amp#27;[90m# stepDefinitions.searchFunctionality.user_performs_search_with(java.lang.String,java.lang.String,java.lang.String,java.lang.String,java.lang.String,java.lang.String)&amp#27;[0m
  &amp#27;[32mAnd &amp#27;[0m&amp#27;[32muser clicks on search button&amp#27;[0m                                                 &amp#27;[90m# stepDefinitions.searchFunctionality.user_clicks_on_search_button()&amp#27;[0m
No of results found:10
  &amp#27;[32mThen &amp#27;[0m&amp#27;[32muser should get list of jobs with matching preferences&amp#27;[0m                      &amp#27;[90m# stepDefinitions.searchFunctionality.user_should_get_list_of_jobs_with_matching_preferences()&amp#27;[0m
Actual message: 327 jobs found for Cardiac Physiologist
  &amp#27;[32mAnd &amp#27;[0m&amp#27;[32mthe search message should contain &amp#27;[0m&amp#27;[32m&amp#27;[1m"jobs found for Cardiac Physiologist"&amp#27;[0m      &amp#27;[90m# stepDefinitions.searchFunctionality.the_search_message_should_contain(java.lang.String)&amp#27;[0m
  &amp#27;[32mAnd &amp#27;[0m&amp#27;[32muser sorts results by &amp#27;[0m&amp#27;[32m&amp#27;[1m"Date Posted (newest)"&amp#27;[0m                                 &amp#27;[90m# stepDefinitions.searchFunctionality.user_sorts_results_by(java.lang.String)&amp#27;[0m
  &amp#27;[32mThen &amp#27;[0m&amp#27;[32mthe job results should be sorted with newest Date Posted&amp#27;[0m                    &amp#27;[90m# stepDefinitions.searchFunctionality.the_job_results_should_be_sorted_with_newest_date_posted()&amp#27;[0m
]]></system-out>
    <system-err><![CDATA[SLF4J(W): No SLF4J providers were found.
SLF4J(W): Defaulting to no-operation (NOP) logger implementation
SLF4J(W): See https://www.slf4j.org/codes.html#noProviders for further details.
Jun 26, 2025 3:20:36 AM org.openqa.selenium.devtools.CdpVersionFinder findNearestMatch
WARNING: Unable to find CDP implementation matching 137
Jun 26, 2025 3:20:36 AM org.openqa.selenium.chromium.ChromiumDriver lambda$new$5
WARNING: Unable to find version of CDP to use for 137.0.7151.120. You may need to include a dependency on a specific version of the CDP using something similar to `org.seleniumhq.selenium:selenium-devtools-v86:4.21.0` where the version ("v86") matches the version of the chromium-based browser you're using and the version number of the artifact is the same as Selenium's.
]]></system-err>
  </testcase>
  <testcase name="Validate search functionality by providing various combinations #2" classname="NHS Job Search functionality." time="5.898">
    <system-out><![CDATA[
Scenario Outline: Validate search functionality by providing various combinations  &amp#27;[90m# src/test/java/features/searchPage.feature:17&amp#27;[0m
  &amp#27;[32mGiven &amp#27;[0m&amp#27;[32muser is on the NHS job search page with title &amp#27;[0m&amp#27;[32m&amp#27;[1m"Search for jobs in the NHS"&amp#27;[0m &amp#27;[90m# stepDefinitions.searchFunctionality.user_is_on_the_nhs_job_search_page_with_title(java.lang.String)&amp#27;[0m
  &amp#27;[32mAnd &amp#27;[0m&amp#27;[32mclick on Accept Cookies button.&amp#27;[0m                                              &amp#27;[90m# stepDefinitions.searchFunctionality.click_on_accept_cookies_button()&amp#27;[0m
  &amp#27;[32mWhen &amp#27;[0m&amp#27;[32muser performs search with &amp#27;[0m&amp#27;[32m&amp#27;[1m""&amp#27;[0m&amp#27;[32m, &amp#27;[0m&amp#27;[32m&amp#27;[1m"Manchester"&amp#27;[0m&amp#27;[32m, &amp#27;[0m&amp#27;[32m&amp#27;[1m"10"&amp#27;[0m&amp#27;[32m, &amp#27;[0m&amp#27;[32m&amp#27;[1m""&amp#27;[0m&amp#27;[32m, &amp#27;[0m&amp#27;[32m&amp#27;[1m""&amp#27;[0m&amp#27;[32m, &amp#27;[0m&amp#27;[32m&amp#27;[1m""&amp#27;[0m                &amp#27;[90m# stepDefinitions.searchFunctionality.user_performs_search_with(java.lang.String,java.lang.String,java.lang.String,java.lang.String,java.lang.String,java.lang.String)&amp#27;[0m
  &amp#27;[32mAnd &amp#27;[0m&amp#27;[32muser clicks on search button&amp#27;[0m                                                 &amp#27;[90m# stepDefinitions.searchFunctionality.user_clicks_on_search_button()&amp#27;[0m
No of results found:10
  &amp#27;[32mThen &amp#27;[0m&amp#27;[32muser should get list of jobs with matching preferences&amp#27;[0m                      &amp#27;[90m# stepDefinitions.searchFunctionality.user_should_get_list_of_jobs_with_matching_preferences()&amp#27;[0m
Actual message: 475 jobs found within 10 miles of Manchester
  &amp#27;[32mAnd &amp#27;[0m&amp#27;[32mthe search message should contain &amp#27;[0m&amp#27;[32m&amp#27;[1m"jobs found within 10 miles of Manchester"&amp#27;[0m &amp#27;[90m# stepDefinitions.searchFunctionality.the_search_message_should_contain(java.lang.String)&amp#27;[0m
  &amp#27;[32mAnd &amp#27;[0m&amp#27;[32muser sorts results by &amp#27;[0m&amp#27;[32m&amp#27;[1m"Date Posted (newest)"&amp#27;[0m                                 &amp#27;[90m# stepDefinitions.searchFunctionality.user_sorts_results_by(java.lang.String)&amp#27;[0m
  &amp#27;[32mThen &amp#27;[0m&amp#27;[32mthe job results should be sorted with newest Date Posted&amp#27;[0m                    &amp#27;[90m# stepDefinitions.searchFunctionality.the_job_results_should_be_sorted_with_newest_date_posted()&amp#27;[0m
]]></system-out>
    <system-err><![CDATA[Jun 26, 2025 3:20:41 AM org.openqa.selenium.devtools.CdpVersionFinder findNearestMatch
WARNING: Unable to find CDP implementation matching 137
Jun 26, 2025 3:20:41 AM org.openqa.selenium.chromium.ChromiumDriver lambda$new$5
WARNING: Unable to find version of CDP to use for 137.0.7151.120. You may need to include a dependency on a specific version of the CDP using something similar to `org.seleniumhq.selenium:selenium-devtools-v86:4.21.0` where the version ("v86") matches the version of the chromium-based browser you're using and the version number of the artifact is the same as Selenium's.
]]></system-err>
  </testcase>
  <testcase name="Validate search functionality by providing various combinations #3" classname="NHS Job Search functionality." time="4.779">
    <system-out><![CDATA[
Scenario Outline: Validate search functionality by providing various combinations  &amp#27;[90m# src/test/java/features/searchPage.feature:18&amp#27;[0m
  &amp#27;[32mGiven &amp#27;[0m&amp#27;[32muser is on the NHS job search page with title &amp#27;[0m&amp#27;[32m&amp#27;[1m"Search for jobs in the NHS"&amp#27;[0m &amp#27;[90m# stepDefinitions.searchFunctionality.user_is_on_the_nhs_job_search_page_with_title(java.lang.String)&amp#27;[0m
  &amp#27;[32mAnd &amp#27;[0m&amp#27;[32mclick on Accept Cookies button.&amp#27;[0m                                              &amp#27;[90m# stepDefinitions.searchFunctionality.click_on_accept_cookies_button()&amp#27;[0m
  &amp#27;[32mWhen &amp#27;[0m&amp#27;[32muser performs search with &amp#27;[0m&amp#27;[32m&amp#27;[1m""&amp#27;[0m&amp#27;[32m, &amp#27;[0m&amp#27;[32m&amp#27;[1m""&amp#27;[0m&amp#27;[32m, &amp#27;[0m&amp#27;[32m&amp#27;[1m""&amp#27;[0m&amp#27;[32m, &amp#27;[0m&amp#27;[32m&amp#27;[1m"1316185502"&amp#27;[0m&amp#27;[32m, &amp#27;[0m&amp#27;[32m&amp#27;[1m""&amp#27;[0m&amp#27;[32m, &amp#27;[0m&amp#27;[32m&amp#27;[1m""&amp#27;[0m                  &amp#27;[90m# stepDefinitions.searchFunctionality.user_performs_search_with(java.lang.String,java.lang.String,java.lang.String,java.lang.String,java.lang.String,java.lang.String)&amp#27;[0m
  &amp#27;[32mAnd &amp#27;[0m&amp#27;[32muser clicks on search button&amp#27;[0m                                                 &amp#27;[90m# stepDefinitions.searchFunctionality.user_clicks_on_search_button()&amp#27;[0m
No of results found:1
  &amp#27;[32mThen &amp#27;[0m&amp#27;[32muser should get list of jobs with matching preferences&amp#27;[0m                      &amp#27;[90m# stepDefinitions.searchFunctionality.user_should_get_list_of_jobs_with_matching_preferences()&amp#27;[0m
Actual message: 1 job found for 1316185502
  &amp#27;[32mAnd &amp#27;[0m&amp#27;[32mthe search message should contain &amp#27;[0m&amp#27;[32m&amp#27;[1m"job found for 1316185502"&amp#27;[0m                 &amp#27;[90m# stepDefinitions.searchFunctionality.the_search_message_should_contain(java.lang.String)&amp#27;[0m
  &amp#27;[32mAnd &amp#27;[0m&amp#27;[32muser sorts results by &amp#27;[0m&amp#27;[32m&amp#27;[1m"Date Posted (newest)"&amp#27;[0m                                 &amp#27;[90m# stepDefinitions.searchFunctionality.user_sorts_results_by(java.lang.String)&amp#27;[0m
  &amp#27;[32mThen &amp#27;[0m&amp#27;[32mthe job results should be sorted with newest Date Posted&amp#27;[0m                    &amp#27;[90m# stepDefinitions.searchFunctionality.the_job_results_should_be_sorted_with_newest_date_posted()&amp#27;[0m
]]></system-out>
    <system-err><![CDATA[Jun 26, 2025 3:20:47 AM org.openqa.selenium.devtools.CdpVersionFinder findNearestMatch
WARNING: Unable to find CDP implementation matching 137
Jun 26, 2025 3:20:47 AM org.openqa.selenium.chromium.ChromiumDriver lambda$new$5
WARNING: Unable to find version of CDP to use for 137.0.7151.120. You may need to include a dependency on a specific version of the CDP using something similar to `org.seleniumhq.selenium:selenium-devtools-v86:4.21.0` where the version ("v86") matches the version of the chromium-based browser you're using and the version number of the artifact is the same as Selenium's.
]]></system-err>
  </testcase>
  <testcase name="Validate search functionality by providing various combinations #4" classname="NHS Job Search functionality." time="4.536">
    <system-out><![CDATA[
Scenario Outline: Validate search functionality by providing various combinations  &amp#27;[90m# src/test/java/features/searchPage.feature:19&amp#27;[0m
  &amp#27;[32mGiven &amp#27;[0m&amp#27;[32muser is on the NHS job search page with title &amp#27;[0m&amp#27;[32m&amp#27;[1m"Search for jobs in the NHS"&amp#27;[0m &amp#27;[90m# stepDefinitions.searchFunctionality.user_is_on_the_nhs_job_search_page_with_title(java.lang.String)&amp#27;[0m
  &amp#27;[32mAnd &amp#27;[0m&amp#27;[32mclick on Accept Cookies button.&amp#27;[0m                                              &amp#27;[90m# stepDefinitions.searchFunctionality.click_on_accept_cookies_button()&amp#27;[0m
  &amp#27;[32mWhen &amp#27;[0m&amp#27;[32muser performs search with &amp#27;[0m&amp#27;[32m&amp#27;[1m""&amp#27;[0m&amp#27;[32m, &amp#27;[0m&amp#27;[32m&amp#27;[1m""&amp#27;[0m&amp#27;[32m, &amp#27;[0m&amp#27;[32m&amp#27;[1m""&amp#27;[0m&amp#27;[32m, &amp#27;[0m&amp#27;[32m&amp#27;[1m""&amp#27;[0m&amp#27;[32m, &amp#27;[0m&amp#27;[32m&amp#27;[1m"NHS Resolution"&amp#27;[0m&amp#27;[32m, &amp#27;[0m&amp#27;[32m&amp#27;[1m""&amp#27;[0m              &amp#27;[90m# stepDefinitions.searchFunctionality.user_performs_search_with(java.lang.String,java.lang.String,java.lang.String,java.lang.String,java.lang.String,java.lang.String)&amp#27;[0m
  &amp#27;[32mAnd &amp#27;[0m&amp#27;[32muser clicks on search button&amp#27;[0m                                                 &amp#27;[90m# stepDefinitions.searchFunctionality.user_clicks_on_search_button()&amp#27;[0m
No of results found:10
  &amp#27;[32mThen &amp#27;[0m&amp#27;[32muser should get list of jobs with matching preferences&amp#27;[0m                      &amp#27;[90m# stepDefinitions.searchFunctionality.user_should_get_list_of_jobs_with_matching_preferences()&amp#27;[0m
Actual message: 5683 jobs found for NHS Resolution
  &amp#27;[32mAnd &amp#27;[0m&amp#27;[32mthe search message should contain &amp#27;[0m&amp#27;[32m&amp#27;[1m"jobs found for NHS Resolution"&amp#27;[0m            &amp#27;[90m# stepDefinitions.searchFunctionality.the_search_message_should_contain(java.lang.String)&amp#27;[0m
  &amp#27;[32mAnd &amp#27;[0m&amp#27;[32muser sorts results by &amp#27;[0m&amp#27;[32m&amp#27;[1m"Date Posted (newest)"&amp#27;[0m                                 &amp#27;[90m# stepDefinitions.searchFunctionality.user_sorts_results_by(java.lang.String)&amp#27;[0m
  &amp#27;[32mThen &amp#27;[0m&amp#27;[32mthe job results should be sorted with newest Date Posted&amp#27;[0m                    &amp#27;[90m# stepDefinitions.searchFunctionality.the_job_results_should_be_sorted_with_newest_date_posted()&amp#27;[0m
]]></system-out>
    <system-err><![CDATA[Jun 26, 2025 3:20:51 AM org.openqa.selenium.devtools.CdpVersionFinder findNearestMatch
WARNING: Unable to find CDP implementation matching 137
Jun 26, 2025 3:20:51 AM org.openqa.selenium.chromium.ChromiumDriver lambda$new$5
WARNING: Unable to find version of CDP to use for 137.0.7151.120. You may need to include a dependency on a specific version of the CDP using something similar to `org.seleniumhq.selenium:selenium-devtools-v86:4.21.0` where the version ("v86") matches the version of the chromium-based browser you're using and the version number of the artifact is the same as Selenium's.
]]></system-err>
  </testcase>
  <testcase name="Validate search functionality by providing various combinations #5" classname="NHS Job Search functionality." time="4.678">
    <system-out><![CDATA[
Scenario Outline: Validate search functionality by providing various combinations  &amp#27;[90m# src/test/java/features/searchPage.feature:20&amp#27;[0m
  &amp#27;[32mGiven &amp#27;[0m&amp#27;[32muser is on the NHS job search page with title &amp#27;[0m&amp#27;[32m&amp#27;[1m"Search for jobs in the NHS"&amp#27;[0m &amp#27;[90m# stepDefinitions.searchFunctionality.user_is_on_the_nhs_job_search_page_with_title(java.lang.String)&amp#27;[0m
  &amp#27;[32mAnd &amp#27;[0m&amp#27;[32mclick on Accept Cookies button.&amp#27;[0m                                              &amp#27;[90m# stepDefinitions.searchFunctionality.click_on_accept_cookies_button()&amp#27;[0m
  &amp#27;[32mWhen &amp#27;[0m&amp#27;[32muser performs search with &amp#27;[0m&amp#27;[32m&amp#27;[1m""&amp#27;[0m&amp#27;[32m, &amp#27;[0m&amp#27;[32m&amp#27;[1m""&amp#27;[0m&amp#27;[32m, &amp#27;[0m&amp#27;[32m&amp#27;[1m""&amp#27;[0m&amp#27;[32m, &amp#27;[0m&amp#27;[32m&amp#27;[1m""&amp#27;[0m&amp#27;[32m, &amp#27;[0m&amp#27;[32m&amp#27;[1m""&amp#27;[0m&amp#27;[32m, &amp#27;[0m&amp#27;[32m&amp#27;[1m"£10,000 to £20,000"&amp#27;[0m          &amp#27;[90m# stepDefinitions.searchFunctionality.user_performs_search_with(java.lang.String,java.lang.String,java.lang.String,java.lang.String,java.lang.String,java.lang.String)&amp#27;[0m
  &amp#27;[32mAnd &amp#27;[0m&amp#27;[32muser clicks on search button&amp#27;[0m                                                 &amp#27;[90m# stepDefinitions.searchFunctionality.user_clicks_on_search_button()&amp#27;[0m
No of results found:10
  &amp#27;[32mThen &amp#27;[0m&amp#27;[32muser should get list of jobs with matching preferences&amp#27;[0m                      &amp#27;[90m# stepDefinitions.searchFunctionality.user_should_get_list_of_jobs_with_matching_preferences()&amp#27;[0m
Actual message: 133 jobs found
  &amp#27;[32mAnd &amp#27;[0m&amp#27;[32mthe search message should contain &amp#27;[0m&amp#27;[32m&amp#27;[1m"jobs found"&amp#27;[0m                               &amp#27;[90m# stepDefinitions.searchFunctionality.the_search_message_should_contain(java.lang.String)&amp#27;[0m
  &amp#27;[32mAnd &amp#27;[0m&amp#27;[32muser sorts results by &amp#27;[0m&amp#27;[32m&amp#27;[1m"Date Posted (newest)"&amp#27;[0m                                 &amp#27;[90m# stepDefinitions.searchFunctionality.user_sorts_results_by(java.lang.String)&amp#27;[0m
  &amp#27;[32mThen &amp#27;[0m&amp#27;[32mthe job results should be sorted with newest Date Posted&amp#27;[0m                    &amp#27;[90m# stepDefinitions.searchFunctionality.the_job_results_should_be_sorted_with_newest_date_posted()&amp#27;[0m
]]></system-out>
    <system-err><![CDATA[Jun 26, 2025 3:20:56 AM org.openqa.selenium.devtools.CdpVersionFinder findNearestMatch
WARNING: Unable to find CDP implementation matching 137
Jun 26, 2025 3:20:56 AM org.openqa.selenium.chromium.ChromiumDriver lambda$new$5
WARNING: Unable to find version of CDP to use for 137.0.7151.120. You may need to include a dependency on a specific version of the CDP using something similar to `org.seleniumhq.selenium:selenium-devtools-v86:4.21.0` where the version ("v86") matches the version of the chromium-based browser you're using and the version number of the artifact is the same as Selenium's.
]]></system-err>
  </testcase>
  <testcase name="Validate search functionality by providing various combinations #6" classname="NHS Job Search functionality." time="5.287">
    <system-out><![CDATA[
Scenario Outline: Validate search functionality by providing various combinations                &amp#27;[90m# src/test/java/features/searchPage.feature:21&amp#27;[0m
  &amp#27;[32mGiven &amp#27;[0m&amp#27;[32muser is on the NHS job search page with title &amp#27;[0m&amp#27;[32m&amp#27;[1m"Search for jobs in the NHS"&amp#27;[0m               &amp#27;[90m# stepDefinitions.searchFunctionality.user_is_on_the_nhs_job_search_page_with_title(java.lang.String)&amp#27;[0m
  &amp#27;[32mAnd &amp#27;[0m&amp#27;[32mclick on Accept Cookies button.&amp#27;[0m                                                            &amp#27;[90m# stepDefinitions.searchFunctionality.click_on_accept_cookies_button()&amp#27;[0m
  &amp#27;[32mWhen &amp#27;[0m&amp#27;[32muser performs search with &amp#27;[0m&amp#27;[32m&amp#27;[1m"Staff Nurse"&amp#27;[0m&amp#27;[32m, &amp#27;[0m&amp#27;[32m&amp#27;[1m"Sheffield"&amp#27;[0m&amp#27;[32m, &amp#27;[0m&amp#27;[32m&amp#27;[1m""&amp#27;[0m&amp#27;[32m, &amp#27;[0m&amp#27;[32m&amp#27;[1m""&amp#27;[0m&amp#27;[32m, &amp#27;[0m&amp#27;[32m&amp#27;[1m""&amp#27;[0m&amp#27;[32m, &amp#27;[0m&amp#27;[32m&amp#27;[1m""&amp#27;[0m                      &amp#27;[90m# stepDefinitions.searchFunctionality.user_performs_search_with(java.lang.String,java.lang.String,java.lang.String,java.lang.String,java.lang.String,java.lang.String)&amp#27;[0m
  &amp#27;[32mAnd &amp#27;[0m&amp#27;[32muser clicks on search button&amp#27;[0m                                                               &amp#27;[90m# stepDefinitions.searchFunctionality.user_clicks_on_search_button()&amp#27;[0m
No of results found:10
  &amp#27;[32mThen &amp#27;[0m&amp#27;[32muser should get list of jobs with matching preferences&amp#27;[0m                                    &amp#27;[90m# stepDefinitions.searchFunctionality.user_should_get_list_of_jobs_with_matching_preferences()&amp#27;[0m
Actual message: 120 jobs found for Staff Nurse within 5 miles of Sheffield
  &amp#27;[32mAnd &amp#27;[0m&amp#27;[32mthe search message should contain &amp#27;[0m&amp#27;[32m&amp#27;[1m"jobs found for Staff Nurse within 5 miles of Sheffield"&amp#27;[0m &amp#27;[90m# stepDefinitions.searchFunctionality.the_search_message_should_contain(java.lang.String)&amp#27;[0m
  &amp#27;[32mAnd &amp#27;[0m&amp#27;[32muser sorts results by &amp#27;[0m&amp#27;[32m&amp#27;[1m"Date Posted (newest)"&amp#27;[0m                                               &amp#27;[90m# stepDefinitions.searchFunctionality.user_sorts_results_by(java.lang.String)&amp#27;[0m
  &amp#27;[32mThen &amp#27;[0m&amp#27;[32mthe job results should be sorted with newest Date Posted&amp#27;[0m                                  &amp#27;[90m# stepDefinitions.searchFunctionality.the_job_results_should_be_sorted_with_newest_date_posted()&amp#27;[0m
]]></system-out>
    <system-err><![CDATA[Jun 26, 2025 3:21:01 AM org.openqa.selenium.devtools.CdpVersionFinder findNearestMatch
WARNING: Unable to find CDP implementation matching 137
Jun 26, 2025 3:21:01 AM org.openqa.selenium.chromium.ChromiumDriver lambda$new$5
WARNING: Unable to find version of CDP to use for 137.0.7151.120. You may need to include a dependency on a specific version of the CDP using something similar to `org.seleniumhq.selenium:selenium-devtools-v86:4.21.0` where the version ("v86") matches the version of the chromium-based browser you're using and the version number of the artifact is the same as Selenium's.
]]></system-err>
  </testcase>
  <testcase name="Validate search functionality by providing various combinations #7" classname="NHS Job Search functionality." time="5.338">
    <system-out><![CDATA[
Scenario Outline: Validate search functionality by providing various combinations  &amp#27;[90m# src/test/java/features/searchPage.feature:22&amp#27;[0m
  &amp#27;[32mGiven &amp#27;[0m&amp#27;[32muser is on the NHS job search page with title &amp#27;[0m&amp#27;[32m&amp#27;[1m"Search for jobs in the NHS"&amp#27;[0m &amp#27;[90m# stepDefinitions.searchFunctionality.user_is_on_the_nhs_job_search_page_with_title(java.lang.String)&amp#27;[0m
  &amp#27;[32mAnd &amp#27;[0m&amp#27;[32mclick on Accept Cookies button.&amp#27;[0m                                              &amp#27;[90m# stepDefinitions.searchFunctionality.click_on_accept_cookies_button()&amp#27;[0m
  &amp#27;[32mWhen &amp#27;[0m&amp#27;[32muser performs search with &amp#27;[0m&amp#27;[32m&amp#27;[1m"Radiographer"&amp#27;[0m&amp#27;[32m, &amp#27;[0m&amp#27;[32m&amp#27;[1m""&amp#27;[0m&amp#27;[32m, &amp#27;[0m&amp#27;[32m&amp#27;[1m""&amp#27;[0m&amp#27;[32m, &amp#27;[0m&amp#27;[32m&amp#27;[1m"1316185502"&amp#27;[0m&amp#27;[32m, &amp#27;[0m&amp#27;[32m&amp#27;[1m""&amp#27;[0m&amp#27;[32m, &amp#27;[0m&amp#27;[32m&amp#27;[1m""&amp#27;[0m      &amp#27;[90m# stepDefinitions.searchFunctionality.user_performs_search_with(java.lang.String,java.lang.String,java.lang.String,java.lang.String,java.lang.String,java.lang.String)&amp#27;[0m
  &amp#27;[32mAnd &amp#27;[0m&amp#27;[32muser clicks on search button&amp#27;[0m                                                 &amp#27;[90m# stepDefinitions.searchFunctionality.user_clicks_on_search_button()&amp#27;[0m
No of results found:1
  &amp#27;[32mThen &amp#27;[0m&amp#27;[32muser should get list of jobs with matching preferences&amp#27;[0m                      &amp#27;[90m# stepDefinitions.searchFunctionality.user_should_get_list_of_jobs_with_matching_preferences()&amp#27;[0m
Actual message: 1 job found for 1316185502
  &amp#27;[32mAnd &amp#27;[0m&amp#27;[32mthe search message should contain &amp#27;[0m&amp#27;[32m&amp#27;[1m"job found for 1316185502"&amp#27;[0m                 &amp#27;[90m# stepDefinitions.searchFunctionality.the_search_message_should_contain(java.lang.String)&amp#27;[0m
  &amp#27;[32mAnd &amp#27;[0m&amp#27;[32muser sorts results by &amp#27;[0m&amp#27;[32m&amp#27;[1m"Date Posted (newest)"&amp#27;[0m                                 &amp#27;[90m# stepDefinitions.searchFunctionality.user_sorts_results_by(java.lang.String)&amp#27;[0m
  &amp#27;[32mThen &amp#27;[0m&amp#27;[32mthe job results should be sorted with newest Date Posted&amp#27;[0m                    &amp#27;[90m# stepDefinitions.searchFunctionality.the_job_results_should_be_sorted_with_newest_date_posted()&amp#27;[0m
]]></system-out>
    <system-err><![CDATA[Jun 26, 2025 3:21:06 AM org.openqa.selenium.devtools.CdpVersionFinder findNearestMatch
WARNING: Unable to find CDP implementation matching 137
Jun 26, 2025 3:21:06 AM org.openqa.selenium.chromium.ChromiumDriver lambda$new$5
WARNING: Unable to find version of CDP to use for 137.0.7151.120. You may need to include a dependency on a specific version of the CDP using something similar to `org.seleniumhq.selenium:selenium-devtools-v86:4.21.0` where the version ("v86") matches the version of the chromium-based browser you're using and the version number of the artifact is the same as Selenium's.
]]></system-err>
  </testcase>
  <testcase name="Validate search functionality by providing various combinations #8" classname="NHS Job Search functionality." time="5.095">
    <system-out><![CDATA[
Scenario Outline: Validate search functionality by providing various combinations                                &amp#27;[90m# src/test/java/features/searchPage.feature:23&amp#27;[0m
  &amp#27;[32mGiven &amp#27;[0m&amp#27;[32muser is on the NHS job search page with title &amp#27;[0m&amp#27;[32m&amp#27;[1m"Search for jobs in the NHS"&amp#27;[0m                               &amp#27;[90m# stepDefinitions.searchFunctionality.user_is_on_the_nhs_job_search_page_with_title(java.lang.String)&amp#27;[0m
  &amp#27;[32mAnd &amp#27;[0m&amp#27;[32mclick on Accept Cookies button.&amp#27;[0m                                                                            &amp#27;[90m# stepDefinitions.searchFunctionality.click_on_accept_cookies_button()&amp#27;[0m
  &amp#27;[32mWhen &amp#27;[0m&amp#27;[32muser performs search with &amp#27;[0m&amp#27;[32m&amp#27;[1m"Staff Nurse"&amp#27;[0m&amp#27;[32m, &amp#27;[0m&amp#27;[32m&amp#27;[1m"Manchester"&amp#27;[0m&amp#27;[32m, &amp#27;[0m&amp#27;[32m&amp#27;[1m""&amp#27;[0m&amp#27;[32m, &amp#27;[0m&amp#27;[32m&amp#27;[1m""&amp#27;[0m&amp#27;[32m, &amp#27;[0m&amp#27;[32m&amp#27;[1m"Healthcare"&amp#27;[0m&amp#27;[32m, &amp#27;[0m&amp#27;[32m&amp#27;[1m""&amp#27;[0m                           &amp#27;[90m# stepDefinitions.searchFunctionality.user_performs_search_with(java.lang.String,java.lang.String,java.lang.String,java.lang.String,java.lang.String,java.lang.String)&amp#27;[0m
  &amp#27;[32mAnd &amp#27;[0m&amp#27;[32muser clicks on search button&amp#27;[0m                                                                               &amp#27;[90m# stepDefinitions.searchFunctionality.user_clicks_on_search_button()&amp#27;[0m
No of results found:10
  &amp#27;[32mThen &amp#27;[0m&amp#27;[32muser should get list of jobs with matching preferences&amp#27;[0m                                                    &amp#27;[90m# stepDefinitions.searchFunctionality.user_should_get_list_of_jobs_with_matching_preferences()&amp#27;[0m
Actual message: 10 jobs found for Staff Nurse within 5 miles of Manchester for Healthcare
  &amp#27;[32mAnd &amp#27;[0m&amp#27;[32mthe search message should contain &amp#27;[0m&amp#27;[32m&amp#27;[1m"jobs found for Staff Nurse within 5 miles of Manchester for Healthcare"&amp#27;[0m &amp#27;[90m# stepDefinitions.searchFunctionality.the_search_message_should_contain(java.lang.String)&amp#27;[0m
  &amp#27;[32mAnd &amp#27;[0m&amp#27;[32muser sorts results by &amp#27;[0m&amp#27;[32m&amp#27;[1m"Date Posted (newest)"&amp#27;[0m                                                               &amp#27;[90m# stepDefinitions.searchFunctionality.user_sorts_results_by(java.lang.String)&amp#27;[0m
  &amp#27;[32mThen &amp#27;[0m&amp#27;[32mthe job results should be sorted with newest Date Posted&amp#27;[0m                                                  &amp#27;[90m# stepDefinitions.searchFunctionality.the_job_results_should_be_sorted_with_newest_date_posted()&amp#27;[0m
]]></system-out>
    <system-err><![CDATA[Jun 26, 2025 3:21:11 AM org.openqa.selenium.devtools.CdpVersionFinder findNearestMatch
WARNING: Unable to find CDP implementation matching 137
Jun 26, 2025 3:21:11 AM org.openqa.selenium.chromium.ChromiumDriver lambda$new$5
WARNING: Unable to find version of CDP to use for 137.0.7151.120. You may need to include a dependency on a specific version of the CDP using something similar to `org.seleniumhq.selenium:selenium-devtools-v86:4.21.0` where the version ("v86") matches the version of the chromium-based browser you're using and the version number of the artifact is the same as Selenium's.
]]></system-err>
  </testcase>
  <testcase name="Validate search functionality by providing various combinations #9" classname="NHS Job Search functionality." time="4.79">
    <system-out><![CDATA[
Scenario Outline: Validate search functionality by providing various combinations                                    &amp#27;[90m# src/test/java/features/searchPage.feature:24&amp#27;[0m
  &amp#27;[32mGiven &amp#27;[0m&amp#27;[32muser is on the NHS job search page with title &amp#27;[0m&amp#27;[32m&amp#27;[1m"Search for jobs in the NHS"&amp#27;[0m                                   &amp#27;[90m# stepDefinitions.searchFunctionality.user_is_on_the_nhs_job_search_page_with_title(java.lang.String)&amp#27;[0m
  &amp#27;[32mAnd &amp#27;[0m&amp#27;[32mclick on Accept Cookies button.&amp#27;[0m                                                                                &amp#27;[90m# stepDefinitions.searchFunctionality.click_on_accept_cookies_button()&amp#27;[0m
  &amp#27;[32mWhen &amp#27;[0m&amp#27;[32muser performs search with &amp#27;[0m&amp#27;[32m&amp#27;[1m"Test Analyst"&amp#27;[0m&amp#27;[32m, &amp#27;[0m&amp#27;[32m&amp#27;[1m"Sheffield"&amp#27;[0m&amp#27;[32m, &amp#27;[0m&amp#27;[32m&amp#27;[1m"30"&amp#27;[0m&amp#27;[32m, &amp#27;[0m&amp#27;[32m&amp#27;[1m"1316185502"&amp#27;[0m&amp#27;[32m, &amp#27;[0m&amp#27;[32m&amp#27;[1m"Healthcare"&amp#27;[0m&amp#27;[32m, &amp#27;[0m&amp#27;[32m&amp#27;[1m"£10,000 to £20,000"&amp#27;[0m &amp#27;[90m# stepDefinitions.searchFunctionality.user_performs_search_with(java.lang.String,java.lang.String,java.lang.String,java.lang.String,java.lang.String,java.lang.String)&amp#27;[0m
  &amp#27;[32mAnd &amp#27;[0m&amp#27;[32muser clicks on search button&amp#27;[0m                                                                                   &amp#27;[90m# stepDefinitions.searchFunctionality.user_clicks_on_search_button()&amp#27;[0m
No of results found:1
  &amp#27;[32mThen &amp#27;[0m&amp#27;[32muser should get list of jobs with matching preferences&amp#27;[0m                                                        &amp#27;[90m# stepDefinitions.searchFunctionality.user_should_get_list_of_jobs_with_matching_preferences()&amp#27;[0m
Actual message: 1 job found for 1316185502
  &amp#27;[32mAnd &amp#27;[0m&amp#27;[32mthe search message should contain &amp#27;[0m&amp#27;[32m&amp#27;[1m"job found for 1316185502"&amp#27;[0m                                                   &amp#27;[90m# stepDefinitions.searchFunctionality.the_search_message_should_contain(java.lang.String)&amp#27;[0m
  &amp#27;[32mAnd &amp#27;[0m&amp#27;[32muser sorts results by &amp#27;[0m&amp#27;[32m&amp#27;[1m"Date Posted (newest)"&amp#27;[0m                                                                   &amp#27;[90m# stepDefinitions.searchFunctionality.user_sorts_results_by(java.lang.String)&amp#27;[0m
  &amp#27;[32mThen &amp#27;[0m&amp#27;[32mthe job results should be sorted with newest Date Posted&amp#27;[0m                                                      &amp#27;[90m# stepDefinitions.searchFunctionality.the_job_results_should_be_sorted_with_newest_date_posted()&amp#27;[0m
]]></system-out>
    <system-err><![CDATA[Jun 26, 2025 3:21:16 AM org.openqa.selenium.devtools.CdpVersionFinder findNearestMatch
WARNING: Unable to find CDP implementation matching 137
Jun 26, 2025 3:21:16 AM org.openqa.selenium.chromium.ChromiumDriver lambda$new$5
WARNING: Unable to find version of CDP to use for 137.0.7151.120. You may need to include a dependency on a specific version of the CDP using something similar to `org.seleniumhq.selenium:selenium-devtools-v86:4.21.0` where the version ("v86") matches the version of the chromium-based browser you're using and the version number of the artifact is the same as Selenium's.
]]></system-err>
  </testcase>
  <testcase name="Validate search functionality by providing various combinations #10" classname="NHS Job Search functionality." time="5.012">
    <system-out><![CDATA[
Scenario Outline: Validate search functionality by providing various combinations  &amp#27;[90m# src/test/java/features/searchPage.feature:25&amp#27;[0m
  &amp#27;[32mGiven &amp#27;[0m&amp#27;[32muser is on the NHS job search page with title &amp#27;[0m&amp#27;[32m&amp#27;[1m"Search for jobs in the NHS"&amp#27;[0m &amp#27;[90m# stepDefinitions.searchFunctionality.user_is_on_the_nhs_job_search_page_with_title(java.lang.String)&amp#27;[0m
  &amp#27;[32mAnd &amp#27;[0m&amp#27;[32mclick on Accept Cookies button.&amp#27;[0m                                              &amp#27;[90m# stepDefinitions.searchFunctionality.click_on_accept_cookies_button()&amp#27;[0m
  &amp#27;[32mWhen &amp#27;[0m&amp#27;[32muser performs search with &amp#27;[0m&amp#27;[32m&amp#27;[1m""&amp#27;[0m&amp#27;[32m, &amp#27;[0m&amp#27;[32m&amp#27;[1m""&amp#27;[0m&amp#27;[32m, &amp#27;[0m&amp#27;[32m&amp#27;[1m""&amp#27;[0m&amp#27;[32m, &amp#27;[0m&amp#27;[32m&amp#27;[1m""&amp#27;[0m&amp#27;[32m, &amp#27;[0m&amp#27;[32m&amp#27;[1m""&amp#27;[0m&amp#27;[32m, &amp#27;[0m&amp#27;[32m&amp#27;[1m""&amp#27;[0m                            &amp#27;[90m# stepDefinitions.searchFunctionality.user_performs_search_with(java.lang.String,java.lang.String,java.lang.String,java.lang.String,java.lang.String,java.lang.String)&amp#27;[0m
  &amp#27;[32mAnd &amp#27;[0m&amp#27;[32muser clicks on search button&amp#27;[0m                                                 &amp#27;[90m# stepDefinitions.searchFunctionality.user_clicks_on_search_button()&amp#27;[0m
No of results found:10
  &amp#27;[32mThen &amp#27;[0m&amp#27;[32muser should get list of jobs with matching preferences&amp#27;[0m                      &amp#27;[90m# stepDefinitions.searchFunctionality.user_should_get_list_of_jobs_with_matching_preferences()&amp#27;[0m
Actual message: 12465 jobs found
  &amp#27;[32mAnd &amp#27;[0m&amp#27;[32mthe search message should contain &amp#27;[0m&amp#27;[32m&amp#27;[1m"jobs found"&amp#27;[0m                               &amp#27;[90m# stepDefinitions.searchFunctionality.the_search_message_should_contain(java.lang.String)&amp#27;[0m
  &amp#27;[32mAnd &amp#27;[0m&amp#27;[32muser sorts results by &amp#27;[0m&amp#27;[32m&amp#27;[1m"Date Posted (newest)"&amp#27;[0m                                 &amp#27;[90m# stepDefinitions.searchFunctionality.user_sorts_results_by(java.lang.String)&amp#27;[0m
  &amp#27;[32mThen &amp#27;[0m&amp#27;[32mthe job results should be sorted with newest Date Posted&amp#27;[0m                    &amp#27;[90m# stepDefinitions.searchFunctionality.the_job_results_should_be_sorted_with_newest_date_posted()&amp#27;[0m
]]></system-out>
    <system-err><![CDATA[Jun 26, 2025 3:21:21 AM org.openqa.selenium.devtools.CdpVersionFinder findNearestMatch
WARNING: Unable to find CDP implementation matching 137
Jun 26, 2025 3:21:21 AM org.openqa.selenium.chromium.ChromiumDriver lambda$new$5
WARNING: Unable to find version of CDP to use for 137.0.7151.120. You may need to include a dependency on a specific version of the CDP using something similar to `org.seleniumhq.selenium:selenium-devtools-v86:4.21.0` where the version ("v86") matches the version of the chromium-based browser you're using and the version number of the artifact is the same as Selenium's.
]]></system-err>
  </testcase>
  <testcase name="Validate search functionality by providing various combinations #11" classname="NHS Job Search functionality." time="4.659">
    <system-out><![CDATA[
Scenario Outline: Validate search functionality by providing various combinations                             &amp#27;[90m# src/test/java/features/searchPage.feature:26&amp#27;[0m
  &amp#27;[32mGiven &amp#27;[0m&amp#27;[32muser is on the NHS job search page with title &amp#27;[0m&amp#27;[32m&amp#27;[1m"Search for jobs in the NHS"&amp#27;[0m                            &amp#27;[90m# stepDefinitions.searchFunctionality.user_is_on_the_nhs_job_search_page_with_title(java.lang.String)&amp#27;[0m
  &amp#27;[32mAnd &amp#27;[0m&amp#27;[32mclick on Accept Cookies button.&amp#27;[0m                                                                         &amp#27;[90m# stepDefinitions.searchFunctionality.click_on_accept_cookies_button()&amp#27;[0m
  &amp#27;[32mWhen &amp#27;[0m&amp#27;[32muser performs search with &amp#27;[0m&amp#27;[32m&amp#27;[1m"Speech & Language Therapists - Join our Talent Pool!"&amp#27;[0m&amp#27;[32m, &amp#27;[0m&amp#27;[32m&amp#27;[1m""&amp#27;[0m&amp#27;[32m, &amp#27;[0m&amp#27;[32m&amp#27;[1m""&amp#27;[0m&amp#27;[32m, &amp#27;[0m&amp#27;[32m&amp#27;[1m""&amp#27;[0m&amp#27;[32m, &amp#27;[0m&amp#27;[32m&amp#27;[1m""&amp#27;[0m&amp#27;[32m, &amp#27;[0m&amp#27;[32m&amp#27;[1m""&amp#27;[0m   &amp#27;[90m# stepDefinitions.searchFunctionality.user_performs_search_with(java.lang.String,java.lang.String,java.lang.String,java.lang.String,java.lang.String,java.lang.String)&amp#27;[0m
  &amp#27;[32mAnd &amp#27;[0m&amp#27;[32muser clicks on search button&amp#27;[0m                                                                            &amp#27;[90m# stepDefinitions.searchFunctionality.user_clicks_on_search_button()&amp#27;[0m
No of results found:10
  &amp#27;[32mThen &amp#27;[0m&amp#27;[32muser should get list of jobs with matching preferences&amp#27;[0m                                                 &amp#27;[90m# stepDefinitions.searchFunctionality.user_should_get_list_of_jobs_with_matching_preferences()&amp#27;[0m
Actual message: 10753 jobs found for Speech & Language Therapists - Join our Talent Pool!
  &amp#27;[32mAnd &amp#27;[0m&amp#27;[32mthe search message should contain &amp#27;[0m&amp#27;[32m&amp#27;[1m"jobs found for Speech & Language Therapists - Join our Talent Pool!"&amp#27;[0m &amp#27;[90m# stepDefinitions.searchFunctionality.the_search_message_should_contain(java.lang.String)&amp#27;[0m
  &amp#27;[32mAnd &amp#27;[0m&amp#27;[32muser sorts results by &amp#27;[0m&amp#27;[32m&amp#27;[1m"Date Posted (newest)"&amp#27;[0m                                                            &amp#27;[90m# stepDefinitions.searchFunctionality.user_sorts_results_by(java.lang.String)&amp#27;[0m
  &amp#27;[32mThen &amp#27;[0m&amp#27;[32mthe job results should be sorted with newest Date Posted&amp#27;[0m                                               &amp#27;[90m# stepDefinitions.searchFunctionality.the_job_results_should_be_sorted_with_newest_date_posted()&amp#27;[0m
]]></system-out>
    <system-err><![CDATA[Jun 26, 2025 3:21:26 AM org.openqa.selenium.devtools.CdpVersionFinder findNearestMatch
WARNING: Unable to find CDP implementation matching 137
Jun 26, 2025 3:21:26 AM org.openqa.selenium.chromium.ChromiumDriver lambda$new$5
WARNING: Unable to find version of CDP to use for 137.0.7151.120. You may need to include a dependency on a specific version of the CDP using something similar to `org.seleniumhq.selenium:selenium-devtools-v86:4.21.0` where the version ("v86") matches the version of the chromium-based browser you're using and the version number of the artifact is the same as Selenium's.
]]></system-err>
  </testcase>
  <testcase name="Validate clearFilters button functionality" classname="NHS Job Search functionality." time="4.512">
    <system-out><![CDATA[
Scenario: Validate clearFilters button functionality                                                              &amp#27;[90m# src/test/java/features/searchPage.feature:28&amp#27;[0m
  &amp#27;[32mGiven &amp#27;[0m&amp#27;[32muser is on the NHS job search page with title &amp#27;[0m&amp#27;[32m&amp#27;[1m"Search for jobs in the NHS"&amp#27;[0m                                &amp#27;[90m# stepDefinitions.searchFunctionality.user_is_on_the_nhs_job_search_page_with_title(java.lang.String)&amp#27;[0m
  &amp#27;[32mAnd &amp#27;[0m&amp#27;[32mclick on Accept Cookies button.&amp#27;[0m                                                                             &amp#27;[90m# stepDefinitions.searchFunctionality.click_on_accept_cookies_button()&amp#27;[0m
  &amp#27;[32mWhen &amp#27;[0m&amp#27;[32muser performs search with &amp#27;[0m&amp#27;[32m&amp#27;[1m"Test Analyst"&amp#27;[0m&amp#27;[32m, &amp#27;[0m&amp#27;[32m&amp#27;[1m"London"&amp#27;[0m&amp#27;[32m, &amp#27;[0m&amp#27;[32m&amp#27;[1m"10"&amp#27;[0m&amp#27;[32m, &amp#27;[0m&amp#27;[32m&amp#27;[1m"1316185502"&amp#27;[0m&amp#27;[32m, &amp#27;[0m&amp#27;[32m&amp#27;[1m"Healthcare"&amp#27;[0m&amp#27;[32m, &amp#27;[0m&amp#27;[32m&amp#27;[1m"£10,000 to £20,000"&amp#27;[0m &amp#27;[90m# stepDefinitions.searchFunctionality.user_performs_search_with(java.lang.String,java.lang.String,java.lang.String,java.lang.String,java.lang.String,java.lang.String)&amp#27;[0m
  &amp#27;[32mAnd &amp#27;[0m&amp#27;[32muser clicks on clear filter button&amp#27;[0m                                                                          &amp#27;[90m# stepDefinitions.searchFunctionality.user_clicks_on_clear_filter_button()&amp#27;[0m
  &amp#27;[32mThen &amp#27;[0m&amp#27;[32mall fields should be blank&amp#27;[0m                                                                                 &amp#27;[90m# stepDefinitions.searchFunctionality.all_fields_should_be_blank()&amp#27;[0m
]]></system-out>
    <system-err><![CDATA[Jun 26, 2025 3:21:31 AM org.openqa.selenium.devtools.CdpVersionFinder findNearestMatch
WARNING: Unable to find CDP implementation matching 137
Jun 26, 2025 3:21:31 AM org.openqa.selenium.chromium.ChromiumDriver lambda$new$5
WARNING: Unable to find version of CDP to use for 137.0.7151.120. You may need to include a dependency on a specific version of the CDP using something similar to `org.seleniumhq.selenium:selenium-devtools-v86:4.21.0` where the version ("v86") matches the version of the chromium-based browser you're using and the version number of the artifact is the same as Selenium's.
]]></system-err>
  </testcase>
  <testcase name="Validate Searchfunctionality by providing special characters in Job Title field #1" classname="NHS Job Search functionality." time="4.705">
    <system-out><![CDATA[
Scenario Outline: Validate Searchfunctionality by providing special characters in Job Title field &amp#27;[90m# src/test/java/features/searchPage.feature:40&amp#27;[0m
  &amp#27;[32mGiven &amp#27;[0m&amp#27;[32muser is on the NHS job search page with title &amp#27;[0m&amp#27;[32m&amp#27;[1m"Search for jobs in the NHS"&amp#27;[0m                &amp#27;[90m# stepDefinitions.searchFunctionality.user_is_on_the_nhs_job_search_page_with_title(java.lang.String)&amp#27;[0m
  &amp#27;[32mAnd &amp#27;[0m&amp#27;[32mclick on Accept Cookies button.&amp#27;[0m                                                             &amp#27;[90m# stepDefinitions.searchFunctionality.click_on_accept_cookies_button()&amp#27;[0m
  &amp#27;[32mWhen &amp#27;[0m&amp#27;[32muser performs search with &amp#27;[0m&amp#27;[32m&amp#27;[1m"$%^£££"&amp#27;[0m&amp#27;[32m, &amp#27;[0m&amp#27;[32m&amp#27;[1m""&amp#27;[0m&amp#27;[32m, &amp#27;[0m&amp#27;[32m&amp#27;[1m""&amp#27;[0m&amp#27;[32m, &amp#27;[0m&amp#27;[32m&amp#27;[1m""&amp#27;[0m&amp#27;[32m, &amp#27;[0m&amp#27;[32m&amp#27;[1m""&amp#27;[0m&amp#27;[32m, &amp#27;[0m&amp#27;[32m&amp#27;[1m""&amp#27;[0m                                     &amp#27;[90m# stepDefinitions.searchFunctionality.user_performs_search_with(java.lang.String,java.lang.String,java.lang.String,java.lang.String,java.lang.String,java.lang.String)&amp#27;[0m
  &amp#27;[32mAnd &amp#27;[0m&amp#27;[32muser clicks on search button&amp#27;[0m                                                                &amp#27;[90m# stepDefinitions.searchFunctionality.user_clicks_on_search_button()&amp#27;[0m
  &amp#27;[32mThen &amp#27;[0m&amp#27;[32mthe results page should display message &amp#27;[0m&amp#27;[32m&amp#27;[1m"No result found"&amp#27;[0m                                  &amp#27;[90m# stepDefinitions.searchFunctionality.the_results_page_should_display_message(java.lang.String)&amp#27;[0m
]]></system-out>
    <system-err><![CDATA[Jun 26, 2025 3:21:35 AM org.openqa.selenium.devtools.CdpVersionFinder findNearestMatch
WARNING: Unable to find CDP implementation matching 137
Jun 26, 2025 3:21:35 AM org.openqa.selenium.chromium.ChromiumDriver lambda$new$5
WARNING: Unable to find version of CDP to use for 137.0.7151.120. You may need to include a dependency on a specific version of the CDP using something similar to `org.seleniumhq.selenium:selenium-devtools-v86:4.21.0` where the version ("v86") matches the version of the chromium-based browser you're using and the version number of the artifact is the same as Selenium's.
]]></system-err>
  </testcase>
  <testcase name="Validate Searchfunctionality by providing special characters in Job Title field #2" classname="NHS Job Search functionality." time="4.64">
    <system-out><![CDATA[
Scenario Outline: Validate Searchfunctionality by providing special characters in Job Title field &amp#27;[90m# src/test/java/features/searchPage.feature:41&amp#27;[0m
  &amp#27;[32mGiven &amp#27;[0m&amp#27;[32muser is on the NHS job search page with title &amp#27;[0m&amp#27;[32m&amp#27;[1m"Search for jobs in the NHS"&amp#27;[0m                &amp#27;[90m# stepDefinitions.searchFunctionality.user_is_on_the_nhs_job_search_page_with_title(java.lang.String)&amp#27;[0m
  &amp#27;[32mAnd &amp#27;[0m&amp#27;[32mclick on Accept Cookies button.&amp#27;[0m                                                             &amp#27;[90m# stepDefinitions.searchFunctionality.click_on_accept_cookies_button()&amp#27;[0m
  &amp#27;[32mWhen &amp#27;[0m&amp#27;[32muser performs search with &amp#27;[0m&amp#27;[32m&amp#27;[1m""&amp#27;[0m&amp#27;[32m, &amp#27;[0m&amp#27;[32m&amp#27;[1m"$£%%%"&amp#27;[0m&amp#27;[32m, &amp#27;[0m&amp#27;[32m&amp#27;[1m"5"&amp#27;[0m&amp#27;[32m, &amp#27;[0m&amp#27;[32m&amp#27;[1m"c09"&amp#27;[0m&amp#27;[32m, &amp#27;[0m&amp#27;[32m&amp#27;[1m""&amp#27;[0m&amp#27;[32m, &amp#27;[0m&amp#27;[32m&amp#27;[1m""&amp#27;[0m                                  &amp#27;[90m# stepDefinitions.searchFunctionality.user_performs_search_with(java.lang.String,java.lang.String,java.lang.String,java.lang.String,java.lang.String,java.lang.String)&amp#27;[0m
  &amp#27;[32mAnd &amp#27;[0m&amp#27;[32muser clicks on search button&amp#27;[0m                                                                &amp#27;[90m# stepDefinitions.searchFunctionality.user_clicks_on_search_button()&amp#27;[0m
  &amp#27;[32mThen &amp#27;[0m&amp#27;[32mthe results page should display message &amp#27;[0m&amp#27;[32m&amp#27;[1m"Location not found"&amp#27;[0m                               &amp#27;[90m# stepDefinitions.searchFunctionality.the_results_page_should_display_message(java.lang.String)&amp#27;[0m
]]></system-out>
    <system-err><![CDATA[Jun 26, 2025 3:21:40 AM org.openqa.selenium.devtools.CdpVersionFinder findNearestMatch
WARNING: Unable to find CDP implementation matching 137
Jun 26, 2025 3:21:40 AM org.openqa.selenium.chromium.ChromiumDriver lambda$new$5
WARNING: Unable to find version of CDP to use for 137.0.7151.120. You may need to include a dependency on a specific version of the CDP using something similar to `org.seleniumhq.selenium:selenium-devtools-v86:4.21.0` where the version ("v86") matches the version of the chromium-based browser you're using and the version number of the artifact is the same as Selenium's.
]]></system-err>
  </testcase>
  <testcase name="Validate Searchfunctionality by providing special characters in Job Title field #3" classname="NHS Job Search functionality." time="4.243">
    <system-out><![CDATA[
Scenario Outline: Validate Searchfunctionality by providing special characters in Job Title field &amp#27;[90m# src/test/java/features/searchPage.feature:42&amp#27;[0m
  &amp#27;[32mGiven &amp#27;[0m&amp#27;[32muser is on the NHS job search page with title &amp#27;[0m&amp#27;[32m&amp#27;[1m"Search for jobs in the NHS"&amp#27;[0m                &amp#27;[90m# stepDefinitions.searchFunctionality.user_is_on_the_nhs_job_search_page_with_title(java.lang.String)&amp#27;[0m
  &amp#27;[32mAnd &amp#27;[0m&amp#27;[32mclick on Accept Cookies button.&amp#27;[0m                                                             &amp#27;[90m# stepDefinitions.searchFunctionality.click_on_accept_cookies_button()&amp#27;[0m
  &amp#27;[32mWhen &amp#27;[0m&amp#27;[32muser performs search with &amp#27;[0m&amp#27;[32m&amp#27;[1m""&amp#27;[0m&amp#27;[32m, &amp#27;[0m&amp#27;[32m&amp#27;[1m""&amp#27;[0m&amp#27;[32m, &amp#27;[0m&amp#27;[32m&amp#27;[1m""&amp#27;[0m&amp#27;[32m, &amp#27;[0m&amp#27;[32m&amp#27;[1m"%^Tc%$&%^"&amp#27;[0m&amp#27;[32m, &amp#27;[0m&amp#27;[32m&amp#27;[1m""&amp#27;[0m&amp#27;[32m, &amp#27;[0m&amp#27;[32m&amp#27;[1m""&amp#27;[0m                                  &amp#27;[90m# stepDefinitions.searchFunctionality.user_performs_search_with(java.lang.String,java.lang.String,java.lang.String,java.lang.String,java.lang.String,java.lang.String)&amp#27;[0m
  &amp#27;[32mAnd &amp#27;[0m&amp#27;[32muser clicks on search button&amp#27;[0m                                                                &amp#27;[90m# stepDefinitions.searchFunctionality.user_clicks_on_search_button()&amp#27;[0m
  &amp#27;[32mThen &amp#27;[0m&amp#27;[32mthe results page should display message &amp#27;[0m&amp#27;[32m&amp#27;[1m"No result found"&amp#27;[0m                                  &amp#27;[90m# stepDefinitions.searchFunctionality.the_results_page_should_display_message(java.lang.String)&amp#27;[0m
]]></system-out>
    <system-err><![CDATA[Jun 26, 2025 3:21:45 AM org.openqa.selenium.devtools.CdpVersionFinder findNearestMatch
WARNING: Unable to find CDP implementation matching 137
Jun 26, 2025 3:21:45 AM org.openqa.selenium.chromium.ChromiumDriver lambda$new$5
WARNING: Unable to find version of CDP to use for 137.0.7151.120. You may need to include a dependency on a specific version of the CDP using something similar to `org.seleniumhq.selenium:selenium-devtools-v86:4.21.0` where the version ("v86") matches the version of the chromium-based browser you're using and the version number of the artifact is the same as Selenium's.
]]></system-err>
  </testcase>
  <testcase name="Validate Searchfunctionality by providing special characters in Job Title field #4" classname="NHS Job Search functionality." time="4.274">
    <system-out><![CDATA[
Scenario Outline: Validate Searchfunctionality by providing special characters in Job Title field &amp#27;[90m# src/test/java/features/searchPage.feature:43&amp#27;[0m
  &amp#27;[32mGiven &amp#27;[0m&amp#27;[32muser is on the NHS job search page with title &amp#27;[0m&amp#27;[32m&amp#27;[1m"Search for jobs in the NHS"&amp#27;[0m                &amp#27;[90m# stepDefinitions.searchFunctionality.user_is_on_the_nhs_job_search_page_with_title(java.lang.String)&amp#27;[0m
  &amp#27;[32mAnd &amp#27;[0m&amp#27;[32mclick on Accept Cookies button.&amp#27;[0m                                                             &amp#27;[90m# stepDefinitions.searchFunctionality.click_on_accept_cookies_button()&amp#27;[0m
  &amp#27;[32mWhen &amp#27;[0m&amp#27;[32muser performs search with &amp#27;[0m&amp#27;[32m&amp#27;[1m""&amp#27;[0m&amp#27;[32m, &amp#27;[0m&amp#27;[32m&amp#27;[1m""&amp#27;[0m&amp#27;[32m, &amp#27;[0m&amp#27;[32m&amp#27;[1m""&amp#27;[0m&amp#27;[32m, &amp#27;[0m&amp#27;[32m&amp#27;[1m""&amp#27;[0m&amp#27;[32m, &amp#27;[0m&amp#27;[32m&amp#27;[1m"@@@BM"&amp#27;[0m&amp#27;[32m, &amp#27;[0m&amp#27;[32m&amp#27;[1m""&amp#27;[0m                                      &amp#27;[90m# stepDefinitions.searchFunctionality.user_performs_search_with(java.lang.String,java.lang.String,java.lang.String,java.lang.String,java.lang.String,java.lang.String)&amp#27;[0m
  &amp#27;[32mAnd &amp#27;[0m&amp#27;[32muser clicks on search button&amp#27;[0m                                                                &amp#27;[90m# stepDefinitions.searchFunctionality.user_clicks_on_search_button()&amp#27;[0m
  &amp#27;[32mThen &amp#27;[0m&amp#27;[32mthe results page should display message &amp#27;[0m&amp#27;[32m&amp#27;[1m"No result found"&amp#27;[0m                                  &amp#27;[90m# stepDefinitions.searchFunctionality.the_results_page_should_display_message(java.lang.String)&amp#27;[0m
]]></system-out>
    <system-err><![CDATA[Jun 26, 2025 3:21:49 AM org.openqa.selenium.devtools.CdpVersionFinder findNearestMatch
WARNING: Unable to find CDP implementation matching 137
Jun 26, 2025 3:21:49 AM org.openqa.selenium.chromium.ChromiumDriver lambda$new$5
WARNING: Unable to find version of CDP to use for 137.0.7151.120. You may need to include a dependency on a specific version of the CDP using something similar to `org.seleniumhq.selenium:selenium-devtools-v86:4.21.0` where the version ("v86") matches the version of the chromium-based browser you're using and the version number of the artifact is the same as Selenium's.
]]></system-err>
  </testcase>
</testsuite>